{"meta": {"format": 3, "version": "7.10.4", "timestamp": "2025-08-18T20:34:03.139798", "branch_coverage": false, "show_contexts": false}, "files": {"app/api/__init__.py": {"executed_lines": [0], "summary": {"covered_lines": 0, "num_statements": 0, "percent_covered": 100.0, "percent_covered_display": "100", "missing_lines": 0, "excluded_lines": 0}, "missing_lines": [], "excluded_lines": [], "functions": {"": {"executed_lines": [], "summary": {"covered_lines": 0, "num_statements": 0, "percent_covered": 100.0, "percent_covered_display": "100", "missing_lines": 0, "excluded_lines": 0}, "missing_lines": [], "excluded_lines": []}}, "classes": {"": {"executed_lines": [], "summary": {"covered_lines": 0, "num_statements": 0, "percent_covered": 100.0, "percent_covered_display": "100", "missing_lines": 0, "excluded_lines": 0}, "missing_lines": [], "excluded_lines": []}}}, "app/api/routers/__init__.py": {"executed_lines": [0], "summary": {"covered_lines": 0, "num_statements": 0, "percent_covered": 100.0, "percent_covered_display": "100", "missing_lines": 0, "excluded_lines": 0}, "missing_lines": [], "excluded_lines": [], "functions": {"": {"executed_lines": [], "summary": {"covered_lines": 0, "num_statements": 0, "percent_covered": 100.0, "percent_covered_display": "100", "missing_lines": 0, "excluded_lines": 0}, "missing_lines": [], "excluded_lines": []}}, "classes": {"": {"executed_lines": [], "summary": {"covered_lines": 0, "num_statements": 0, "percent_covered": 100.0, "percent_covered_display": "100", "missing_lines": 0, "excluded_lines": 0}, "missing_lines": [], "excluded_lines": []}}}, "app/api/routers/auth_routers.py": {"executed_lines": [1, 2, 4, 5, 8, 9, 10, 17, 20, 25, 29, 30, 34, 42, 43, 60, 65, 69, 70, 71, 79, 80], "summary": {"covered_lines": 22, "num_statements": 26, "percent_covered": 84.61538461538461, "percent_covered_display": "85", "missing_lines": 4, "excluded_lines": 0}, "missing_lines": [51, 52, 88, 89], "excluded_lines": [], "functions": {"signup_user": {"executed_lines": [29, 30, 34, 42, 43], "summary": {"covered_lines": 5, "num_statements": 7, "percent_covered": 71.42857142857143, "percent_covered_display": "71", "missing_lines": 2, "excluded_lines": 0}, "missing_lines": [51, 52], "excluded_lines": []}, "login_user": {"executed_lines": [69, 70, 71, 79, 80], "summary": {"covered_lines": 5, "num_statements": 7, "percent_covered": 71.42857142857143, "percent_covered_display": "71", "missing_lines": 2, "excluded_lines": 0}, "missing_lines": [88, 89], "excluded_lines": []}, "": {"executed_lines": [1, 2, 4, 5, 8, 9, 10, 17, 20, 25, 60, 65], "summary": {"covered_lines": 12, "num_statements": 12, "percent_covered": 100.0, "percent_covered_display": "100", "missing_lines": 0, "excluded_lines": 0}, "missing_lines": [], "excluded_lines": []}}, "classes": {"": {"executed_lines": [1, 2, 4, 5, 8, 9, 10, 17, 20, 25, 29, 30, 34, 42, 43, 60, 65, 69, 70, 71, 79, 80], "summary": {"covered_lines": 22, "num_statements": 26, "percent_covered": 84.61538461538461, "percent_covered_display": "85", "missing_lines": 4, "excluded_lines": 0}, "missing_lines": [51, 52, 88, 89], "excluded_lines": []}}}, "app/api/routers/order_routers.py": {"executed_lines": [1, 2, 3, 5, 6, 7, 8, 9, 10, 11, 13, 14, 17, 18, 53, 54, 64, 65, 66, 71, 72, 78, 79, 84, 86, 87, 88, 89, 94, 95, 105, 106, 107, 111, 113, 114, 119, 120, 126, 127, 128, 129, 131, 132, 137, 138, 150, 151, 152, 153, 155, 156], "summary": {"covered_lines": 52, "num_statements": 60, "percent_covered": 86.66666666666667, "percent_covered_display": "87", "missing_lines": 8, "excluded_lines": 0}, "missing_lines": [31, 32, 33, 39, 40, 45, 47, 48], "excluded_lines": [], "functions": {"place_order": {"executed_lines": [], "summary": {"covered_lines": 0, "num_statements": 8, "percent_covered": 0.0, "percent_covered_display": "0", "missing_lines": 8, "excluded_lines": 0}, "missing_lines": [31, 32, 33, 39, 40, 45, 47, 48], "excluded_lines": []}, "cancel_order": {"executed_lines": [64, 65, 66, 71, 72, 78, 79, 84, 86, 87, 88, 89], "summary": {"covered_lines": 12, "num_statements": 12, "percent_covered": 100.0, "percent_covered_display": "100", "missing_lines": 0, "excluded_lines": 0}, "missing_lines": [], "excluded_lines": []}, "get_my_orders": {"executed_lines": [105, 106, 107, 111, 113, 114], "summary": {"covered_lines": 6, "num_statements": 6, "percent_covered": 100.0, "percent_covered_display": "100", "missing_lines": 0, "excluded_lines": 0}, "missing_lines": [], "excluded_lines": []}, "get_order_book": {"executed_lines": [126, 127, 128, 129, 131, 132], "summary": {"covered_lines": 6, "num_statements": 6, "percent_covered": 100.0, "percent_covered_display": "100", "missing_lines": 0, "excluded_lines": 0}, "missing_lines": [], "excluded_lines": []}, "get_recent_trades": {"executed_lines": [150, 151, 152, 153, 155, 156], "summary": {"covered_lines": 6, "num_statements": 6, "percent_covered": 100.0, "percent_covered_display": "100", "missing_lines": 0, "excluded_lines": 0}, "missing_lines": [], "excluded_lines": []}, "": {"executed_lines": [1, 2, 3, 5, 6, 7, 8, 9, 10, 11, 13, 14, 17, 18, 53, 54, 94, 95, 119, 120, 137, 138], "summary": {"covered_lines": 22, "num_statements": 22, "percent_covered": 100.0, "percent_covered_display": "100", "missing_lines": 0, "excluded_lines": 0}, "missing_lines": [], "excluded_lines": []}}, "classes": {"": {"executed_lines": [1, 2, 3, 5, 6, 7, 8, 9, 10, 11, 13, 14, 17, 18, 53, 54, 64, 65, 66, 71, 72, 78, 79, 84, 86, 87, 88, 89, 94, 95, 105, 106, 107, 111, 113, 114, 119, 120, 126, 127, 128, 129, 131, 132, 137, 138, 150, 151, 152, 153, 155, 156], "summary": {"covered_lines": 52, "num_statements": 60, "percent_covered": 86.66666666666667, "percent_covered_display": "87", "missing_lines": 8, "excluded_lines": 0}, "missing_lines": [31, 32, 33, 39, 40, 45, 47, 48], "excluded_lines": []}}}, "app/api/routers/price_routers.py": {"executed_lines": [1, 2, 3, 4, 5, 6, 8, 10, 11, 15, 22], "summary": {"covered_lines": 11, "num_statements": 11, "percent_covered": 100.0, "percent_covered_display": "100", "missing_lines": 0, "excluded_lines": 0}, "missing_lines": [], "excluded_lines": [], "functions": {"get_price_data": {"executed_lines": [15, 22], "summary": {"covered_lines": 2, "num_statements": 2, "percent_covered": 100.0, "percent_covered_display": "100", "missing_lines": 0, "excluded_lines": 0}, "missing_lines": [], "excluded_lines": []}, "": {"executed_lines": [1, 2, 3, 4, 5, 6, 8, 10, 11], "summary": {"covered_lines": 9, "num_statements": 9, "percent_covered": 100.0, "percent_covered_display": "100", "missing_lines": 0, "excluded_lines": 0}, "missing_lines": [], "excluded_lines": []}}, "classes": {"": {"executed_lines": [1, 2, 3, 4, 5, 6, 8, 10, 11, 15, 22], "summary": {"covered_lines": 11, "num_statements": 11, "percent_covered": 100.0, "percent_covered_display": "100", "missing_lines": 0, "excluded_lines": 0}, "missing_lines": [], "excluded_lines": []}}}, "app/api/routers/ws_router.py": {"executed_lines": [1, 2, 3, 4, 6, 7, 9, 10, 12, 13], "summary": {"covered_lines": 10, "num_statements": 41, "percent_covered": 24.390243902439025, "percent_covered_display": "24", "missing_lines": 31, "excluded_lines": 0}, "missing_lines": [18, 19, 22, 23, 27, 28, 31, 32, 33, 34, 35, 36, 37, 42, 43, 46, 49, 56, 57, 58, 59, 60, 61, 63, 64, 66, 67, 68, 72, 73, 74], "excluded_lines": [], "functions": {"websocket_endpoint": {"executed_lines": [], "summary": {"covered_lines": 0, "num_statements": 31, "percent_covered": 0.0, "percent_covered_display": "0", "missing_lines": 31, "excluded_lines": 0}, "missing_lines": [18, 19, 22, 23, 27, 28, 31, 32, 33, 34, 35, 36, 37, 42, 43, 46, 49, 56, 57, 58, 59, 60, 61, 63, 64, 66, 67, 68, 72, 73, 74], "excluded_lines": []}, "": {"executed_lines": [1, 2, 3, 4, 6, 7, 9, 10, 12, 13], "summary": {"covered_lines": 10, "num_statements": 10, "percent_covered": 100.0, "percent_covered_display": "100", "missing_lines": 0, "excluded_lines": 0}, "missing_lines": [], "excluded_lines": []}}, "classes": {"": {"executed_lines": [1, 2, 3, 4, 6, 7, 9, 10, 12, 13], "summary": {"covered_lines": 10, "num_statements": 41, "percent_covered": 24.390243902439025, "percent_covered_display": "24", "missing_lines": 31, "excluded_lines": 0}, "missing_lines": [18, 19, 22, 23, 27, 28, 31, 32, 33, 34, 35, 36, 37, 42, 43, 46, 49, 56, 57, 58, 59, 60, 61, 63, 64, 66, 67, 68, 72, 73, 74], "excluded_lines": []}}}, "app/api/services/__init__.py": {"executed_lines": [0], "summary": {"covered_lines": 0, "num_statements": 0, "percent_covered": 100.0, "percent_covered_display": "100", "missing_lines": 0, "excluded_lines": 0}, "missing_lines": [], "excluded_lines": [], "functions": {"": {"executed_lines": [], "summary": {"covered_lines": 0, "num_statements": 0, "percent_covered": 100.0, "percent_covered_display": "100", "missing_lines": 0, "excluded_lines": 0}, "missing_lines": [], "excluded_lines": []}}, "classes": {"": {"executed_lines": [], "summary": {"covered_lines": 0, "num_statements": 0, "percent_covered": 100.0, "percent_covered_display": "100", "missing_lines": 0, "excluded_lines": 0}, "missing_lines": [], "excluded_lines": []}}}, "app/api/services/auth_service.py": {"executed_lines": [1, 2, 4, 5, 10, 18, 19, 20, 21, 22, 23, 24, 26, 27, 33, 34, 35, 36, 42, 43, 44, 49, 50, 51, 52, 53, 54, 55], "summary": {"covered_lines": 28, "num_statements": 31, "percent_covered": 90.3225806451613, "percent_covered_display": "90", "missing_lines": 3, "excluded_lines": 0}, "missing_lines": [45, 46, 47], "excluded_lines": [], "functions": {"AuthService.signup": {"executed_lines": [21, 22, 23, 24, 26, 27, 33, 34, 35, 36, 42, 43, 44], "summary": {"covered_lines": 13, "num_statements": 16, "percent_covered": 81.25, "percent_covered_display": "81", "missing_lines": 3, "excluded_lines": 0}, "missing_lines": [45, 46, 47], "excluded_lines": []}, "AuthService.login": {"executed_lines": [51, 52, 53, 54, 55], "summary": {"covered_lines": 5, "num_statements": 5, "percent_covered": 100.0, "percent_covered_display": "100", "missing_lines": 0, "excluded_lines": 0}, "missing_lines": [], "excluded_lines": []}, "": {"executed_lines": [1, 2, 4, 5, 10, 18, 19, 20, 49, 50], "summary": {"covered_lines": 10, "num_statements": 10, "percent_covered": 100.0, "percent_covered_display": "100", "missing_lines": 0, "excluded_lines": 0}, "missing_lines": [], "excluded_lines": []}}, "classes": {"AuthService": {"executed_lines": [21, 22, 23, 24, 26, 27, 33, 34, 35, 36, 42, 43, 44, 51, 52, 53, 54, 55], "summary": {"covered_lines": 18, "num_statements": 21, "percent_covered": 85.71428571428571, "percent_covered_display": "86", "missing_lines": 3, "excluded_lines": 0}, "missing_lines": [45, 46, 47], "excluded_lines": []}, "": {"executed_lines": [1, 2, 4, 5, 10, 18, 19, 20, 49, 50], "summary": {"covered_lines": 10, "num_statements": 10, "percent_covered": 100.0, "percent_covered_display": "100", "missing_lines": 0, "excluded_lines": 0}, "missing_lines": [], "excluded_lines": []}}}, "app/api/services/order_book_service.py": {"executed_lines": [1, 2, 3, 4, 5, 7, 8, 9, 10, 11, 12, 13, 14, 16, 17, 18, 19, 21, 22, 23, 26, 28, 37, 39, 41, 46, 47, 50, 51, 52, 54, 56, 59, 68, 70, 74, 75, 77, 78, 80, 90, 91, 92, 94, 106, 113, 114, 116, 126, 127, 128, 130, 142, 149, 161, 162, 165, 168, 169, 172, 175, 176, 178, 179, 189, 190, 193, 197, 203, 204, 205, 206, 207, 209, 210, 216, 219, 222, 235, 248, 254, 257, 265, 266, 269, 271, 273, 274, 275, 277, 279, 281, 283, 284, 286, 288, 300, 302, 306, 318, 321, 332, 333, 335, 336, 337, 339, 342, 344, 347, 353, 355, 356, 358, 360, 362, 374, 376, 377, 380, 381, 382, 384], "summary": {"covered_lines": 123, "num_statements": 130, "percent_covered": 94.61538461538461, "percent_covered_display": "95", "missing_lines": 7, "excluded_lines": 0}, "missing_lines": [29, 30, 31, 32, 34, 211, 212], "excluded_lines": [], "functions": {"PlaceOrderResponse.__init__": {"executed_lines": [18, 19], "summary": {"covered_lines": 2, "num_statements": 2, "percent_covered": 100.0, "percent_covered_display": "100", "missing_lines": 0, "excluded_lines": 0}, "missing_lines": [], "excluded_lines": []}, "OrderBookService.__init__": {"executed_lines": [23, 26, 28, 37], "summary": {"covered_lines": 4, "num_statements": 4, "percent_covered": 100.0, "percent_covered_display": "100", "missing_lines": 0, "excluded_lines": 0}, "missing_lines": [], "excluded_lines": []}, "OrderBookService.__init__.save_and_broadcast_price": {"executed_lines": [], "summary": {"covered_lines": 0, "num_statements": 5, "percent_covered": 0.0, "percent_covered_display": "0", "missing_lines": 5, "excluded_lines": 0}, "missing_lines": [29, 30, 31, 32, 34], "excluded_lines": []}, "OrderBookService._initialize_last_trade_price_from_price_history": {"executed_lines": [41, 46, 47, 50, 51, 52, 54], "summary": {"covered_lines": 7, "num_statements": 7, "percent_covered": 100.0, "percent_covered_display": "100", "missing_lines": 0, "excluded_lines": 0}, "missing_lines": [], "excluded_lines": []}, "OrderBookService._restore_order_book_from_db": {"executed_lines": [59, 68], "summary": {"covered_lines": 2, "num_statements": 2, "percent_covered": 100.0, "percent_covered_display": "100", "missing_lines": 0, "excluded_lines": 0}, "missing_lines": [], "excluded_lines": []}, "OrderBookService.place_order": {"executed_lines": [74, 75, 77, 78, 80, 90, 91, 92, 94, 106, 113, 114, 116, 126, 127, 128, 130, 142, 149, 161, 162, 165, 168, 169, 172, 175, 176, 178, 179, 189, 190, 193, 197, 203, 204, 205, 206, 207, 209, 210, 216, 219, 222, 235, 248], "summary": {"covered_lines": 45, "num_statements": 47, "percent_covered": 95.74468085106383, "percent_covered_display": "96", "missing_lines": 2, "excluded_lines": 0}, "missing_lines": [211, 212], "excluded_lines": []}, "OrderBookService.cancel_order": {"executed_lines": [257, 265, 266, 269, 271, 273, 274, 275, 277], "summary": {"covered_lines": 9, "num_statements": 9, "percent_covered": 100.0, "percent_covered_display": "100", "missing_lines": 0, "excluded_lines": 0}, "missing_lines": [], "excluded_lines": []}, "OrderBookService.get_user_orders": {"executed_lines": [281, 283, 284, 286, 288], "summary": {"covered_lines": 5, "num_statements": 5, "percent_covered": 100.0, "percent_covered_display": "100", "missing_lines": 0, "excluded_lines": 0}, "missing_lines": [], "excluded_lines": []}, "OrderBookService.get_user_trades": {"executed_lines": [302, 306], "summary": {"covered_lines": 2, "num_statements": 2, "percent_covered": 100.0, "percent_covered_display": "100", "missing_lines": 0, "excluded_lines": 0}, "missing_lines": [], "excluded_lines": []}, "OrderBookService.get_order_book_snapshot": {"executed_lines": [321, 332, 333, 335, 336, 337, 339, 342, 344, 347], "summary": {"covered_lines": 10, "num_statements": 10, "percent_covered": 100.0, "percent_covered_display": "100", "missing_lines": 0, "excluded_lines": 0}, "missing_lines": [], "excluded_lines": []}, "OrderBookService._get_last_trade_price_from_db": {"executed_lines": [355, 356], "summary": {"covered_lines": 2, "num_statements": 2, "percent_covered": 100.0, "percent_covered_display": "100", "missing_lines": 0, "excluded_lines": 0}, "missing_lines": [], "excluded_lines": []}, "OrderBookService.get_recent_trades": {"executed_lines": [360, 362], "summary": {"covered_lines": 2, "num_statements": 2, "percent_covered": 100.0, "percent_covered_display": "100", "missing_lines": 0, "excluded_lines": 0}, "missing_lines": [], "excluded_lines": []}, "OrderBookService.get_market_stats": {"executed_lines": [376, 377, 380, 381, 382, 384], "summary": {"covered_lines": 6, "num_statements": 6, "percent_covered": 100.0, "percent_covered_display": "100", "missing_lines": 0, "excluded_lines": 0}, "missing_lines": [], "excluded_lines": []}, "": {"executed_lines": [1, 2, 3, 4, 5, 7, 8, 9, 10, 11, 12, 13, 14, 16, 17, 21, 22, 39, 56, 70, 254, 279, 300, 318, 353, 358, 374], "summary": {"covered_lines": 27, "num_statements": 27, "percent_covered": 100.0, "percent_covered_display": "100", "missing_lines": 0, "excluded_lines": 0}, "missing_lines": [], "excluded_lines": []}}, "classes": {"PlaceOrderResponse": {"executed_lines": [18, 19], "summary": {"covered_lines": 2, "num_statements": 2, "percent_covered": 100.0, "percent_covered_display": "100", "missing_lines": 0, "excluded_lines": 0}, "missing_lines": [], "excluded_lines": []}, "OrderBookService": {"executed_lines": [23, 26, 28, 37, 41, 46, 47, 50, 51, 52, 54, 59, 68, 74, 75, 77, 78, 80, 90, 91, 92, 94, 106, 113, 114, 116, 126, 127, 128, 130, 142, 149, 161, 162, 165, 168, 169, 172, 175, 176, 178, 179, 189, 190, 193, 197, 203, 204, 205, 206, 207, 209, 210, 216, 219, 222, 235, 248, 257, 265, 266, 269, 271, 273, 274, 275, 277, 281, 283, 284, 286, 288, 302, 306, 321, 332, 333, 335, 336, 337, 339, 342, 344, 347, 355, 356, 360, 362, 376, 377, 380, 381, 382, 384], "summary": {"covered_lines": 94, "num_statements": 101, "percent_covered": 93.06930693069307, "percent_covered_display": "93", "missing_lines": 7, "excluded_lines": 0}, "missing_lines": [29, 30, 31, 32, 34, 211, 212], "excluded_lines": []}, "": {"executed_lines": [1, 2, 3, 4, 5, 7, 8, 9, 10, 11, 12, 13, 14, 16, 17, 21, 22, 39, 56, 70, 254, 279, 300, 318, 353, 358, 374], "summary": {"covered_lines": 27, "num_statements": 27, "percent_covered": 100.0, "percent_covered_display": "100", "missing_lines": 0, "excluded_lines": 0}, "missing_lines": [], "excluded_lines": []}}}, "app/api/services/order_matching_service.py": {"executed_lines": [1, 2, 3, 4, 5, 6, 7, 9, 10, 11, 13, 14, 15, 16, 17, 18, 19, 20, 21, 22, 23, 24, 25, 27, 28, 29, 30, 31, 32, 33, 34, 36, 38, 40, 41, 43, 46, 47, 49, 51, 53, 54, 55, 58, 62, 64, 65, 66, 70, 71, 73, 75, 77, 82, 85, 88, 89, 90, 93, 94, 97, 99, 101, 103, 108, 111, 112, 114, 115, 116, 119, 120, 123, 125, 128, 129, 131, 133, 135, 139, 143, 145, 146, 148, 151, 152, 157, 158, 161, 162, 163, 164, 165, 166, 168, 169, 170, 171, 172, 173, 176, 179, 180, 181, 182, 184, 187, 188, 202, 204, 206, 208, 218, 227, 228, 230, 232, 233, 234, 235, 236, 238, 239, 241, 243, 245, 247, 249, 250, 252, 254, 256, 257, 260, 263, 266, 267, 268, 271, 274, 275, 276, 279, 282, 284, 287, 292, 294, 295, 296, 297, 299, 301, 303, 304, 305, 306, 308, 310, 312, 315, 316, 317, 320, 322, 323, 324, 325, 326, 329, 331, 332, 333, 334, 337, 341, 347, 348, 351, 354, 355, 365, 368, 369, 370, 371, 372, 373, 374, 379, 380, 382, 385], "summary": {"covered_lines": 193, "num_statements": 202, "percent_covered": 95.54455445544555, "percent_covered_display": "96", "missing_lines": 9, "excluded_lines": 0}, "missing_lines": [59, 60, 86, 136, 154, 298, 307, 375, 376], "excluded_lines": [], "functions": {"OrderMatchingEngine.__init__": {"executed_lines": [29, 30, 31, 32, 33, 34], "summary": {"covered_lines": 6, "num_statements": 6, "percent_covered": 100.0, "percent_covered_display": "100", "missing_lines": 0, "excluded_lines": 0}, "missing_lines": [], "excluded_lines": []}, "OrderMatchingEngine.add_order": {"executed_lines": [38, 40, 41, 43, 46, 47, 49], "summary": {"covered_lines": 7, "num_statements": 7, "percent_covered": 100.0, "percent_covered_display": "100", "missing_lines": 0, "excluded_lines": 0}, "missing_lines": [], "excluded_lines": []}, "OrderMatchingEngine.notify_trades_and_book_update": {"executed_lines": [53, 54, 55, 58], "summary": {"covered_lines": 4, "num_statements": 6, "percent_covered": 66.66666666666667, "percent_covered_display": "67", "missing_lines": 2, "excluded_lines": 0}, "missing_lines": [59, 60], "excluded_lines": []}, "OrderMatchingEngine._notify_book_update": {"executed_lines": [64, 65, 66, 70, 71], "summary": {"covered_lines": 5, "num_statements": 5, "percent_covered": 100.0, "percent_covered_display": "100", "missing_lines": 0, "excluded_lines": 0}, "missing_lines": [], "excluded_lines": []}, "OrderMatchingEngine._process_buy_order": {"executed_lines": [75, 77, 82, 85, 88, 89, 90, 93, 94, 97], "summary": {"covered_lines": 10, "num_statements": 11, "percent_covered": 90.9090909090909, "percent_covered_display": "91", "missing_lines": 1, "excluded_lines": 0}, "missing_lines": [86], "excluded_lines": []}, "OrderMatchingEngine._process_sell_order": {"executed_lines": [101, 103, 108, 111, 112, 114, 115, 116, 119, 120, 123], "summary": {"covered_lines": 11, "num_statements": 11, "percent_covered": 100.0, "percent_covered_display": "100", "missing_lines": 0, "excluded_lines": 0}, "missing_lines": [], "excluded_lines": []}, "OrderMatchingEngine._can_match": {"executed_lines": [128, 129, 131], "summary": {"covered_lines": 3, "num_statements": 3, "percent_covered": 100.0, "percent_covered_display": "100", "missing_lines": 0, "excluded_lines": 0}, "missing_lines": [], "excluded_lines": []}, "OrderMatchingEngine._execute_trade": {"executed_lines": [135, 139, 143, 145, 146, 148, 151, 152, 157, 158, 161, 162, 163, 164, 165, 166, 168, 169, 170, 171, 172, 173, 176, 179, 180, 181, 182, 184, 187, 188, 202], "summary": {"covered_lines": 31, "num_statements": 33, "percent_covered": 93.93939393939394, "percent_covered_display": "94", "missing_lines": 2, "excluded_lines": 0}, "missing_lines": [136, 154], "excluded_lines": []}, "OrderMatchingEngine.notify_trade_executed": {"executed_lines": [206, 208, 218, 227, 228], "summary": {"covered_lines": 5, "num_statements": 5, "percent_covered": 100.0, "percent_covered_display": "100", "missing_lines": 0, "excluded_lines": 0}, "missing_lines": [], "excluded_lines": []}, "OrderMatchingEngine.cancel_order": {"executed_lines": [232, 233, 234, 235, 236, 238, 239], "summary": {"covered_lines": 7, "num_statements": 7, "percent_covered": 100.0, "percent_covered_display": "100", "missing_lines": 0, "excluded_lines": 0}, "missing_lines": [], "excluded_lines": []}, "OrderMatchingEngine.get_last_trade_price": {"executed_lines": [243], "summary": {"covered_lines": 1, "num_statements": 1, "percent_covered": 100.0, "percent_covered_display": "100", "missing_lines": 0, "excluded_lines": 0}, "missing_lines": [], "excluded_lines": []}, "OrderMatchingEngine.set_last_trade_price": {"executed_lines": [247], "summary": {"covered_lines": 1, "num_statements": 1, "percent_covered": 100.0, "percent_covered_display": "100", "missing_lines": 0, "excluded_lines": 0}, "missing_lines": [], "excluded_lines": []}, "OrderMatchingEngine.set_price_change_callback": {"executed_lines": [250], "summary": {"covered_lines": 1, "num_statements": 1, "percent_covered": 100.0, "percent_covered_display": "100", "missing_lines": 0, "excluded_lines": 0}, "missing_lines": [], "excluded_lines": []}, "OrderMatchingEngine._add_to_book": {"executed_lines": [254, 256, 257, 260], "summary": {"covered_lines": 4, "num_statements": 4, "percent_covered": 100.0, "percent_covered_display": "100", "missing_lines": 0, "excluded_lines": 0}, "missing_lines": [], "excluded_lines": []}, "OrderMatchingEngine.get_order_book_snapshot": {"executed_lines": [266, 267, 268, 271, 274, 275, 276, 279, 282, 284, 287], "summary": {"covered_lines": 11, "num_statements": 11, "percent_covered": 100.0, "percent_covered_display": "100", "missing_lines": 0, "excluded_lines": 0}, "missing_lines": [], "excluded_lines": []}, "OrderMatchingEngine.get_best_bid": {"executed_lines": [294, 295, 296, 297, 299], "summary": {"covered_lines": 5, "num_statements": 6, "percent_covered": 83.33333333333333, "percent_covered_display": "83", "missing_lines": 1, "excluded_lines": 0}, "missing_lines": [298], "excluded_lines": []}, "OrderMatchingEngine.get_best_ask": {"executed_lines": [303, 304, 305, 306, 308], "summary": {"covered_lines": 5, "num_statements": 6, "percent_covered": 83.33333333333333, "percent_covered_display": "83", "missing_lines": 1, "excluded_lines": 0}, "missing_lines": [307], "excluded_lines": []}, "OrderMatchingEngine.restore_from_database": {"executed_lines": [312, 315, 316, 317, 320, 322, 323, 324, 325, 326, 329, 331, 332, 333, 334, 337, 341, 347, 348, 351, 354, 355, 365, 368, 369, 370, 371, 372, 373, 374, 379, 380, 382], "summary": {"covered_lines": 33, "num_statements": 35, "percent_covered": 94.28571428571429, "percent_covered_display": "94", "missing_lines": 2, "excluded_lines": 0}, "missing_lines": [375, 376], "excluded_lines": []}, "": {"executed_lines": [1, 2, 3, 4, 5, 6, 7, 9, 10, 11, 13, 14, 15, 16, 17, 18, 19, 20, 21, 22, 23, 24, 25, 27, 28, 36, 51, 62, 73, 99, 125, 133, 204, 230, 241, 245, 249, 252, 263, 292, 301, 310, 385], "summary": {"covered_lines": 43, "num_statements": 43, "percent_covered": 100.0, "percent_covered_display": "100", "missing_lines": 0, "excluded_lines": 0}, "missing_lines": [], "excluded_lines": []}}, "classes": {"TradeResult": {"executed_lines": [], "summary": {"covered_lines": 0, "num_statements": 0, "percent_covered": 100.0, "percent_covered_display": "100", "missing_lines": 0, "excluded_lines": 0}, "missing_lines": [], "excluded_lines": []}, "OrderMatchingEngine": {"executed_lines": [29, 30, 31, 32, 33, 34, 38, 40, 41, 43, 46, 47, 49, 53, 54, 55, 58, 64, 65, 66, 70, 71, 75, 77, 82, 85, 88, 89, 90, 93, 94, 97, 101, 103, 108, 111, 112, 114, 115, 116, 119, 120, 123, 128, 129, 131, 135, 139, 143, 145, 146, 148, 151, 152, 157, 158, 161, 162, 163, 164, 165, 166, 168, 169, 170, 171, 172, 173, 176, 179, 180, 181, 182, 184, 187, 188, 202, 206, 208, 218, 227, 228, 232, 233, 234, 235, 236, 238, 239, 243, 247, 250, 254, 256, 257, 260, 266, 267, 268, 271, 274, 275, 276, 279, 282, 284, 287, 294, 295, 296, 297, 299, 303, 304, 305, 306, 308, 312, 315, 316, 317, 320, 322, 323, 324, 325, 326, 329, 331, 332, 333, 334, 337, 341, 347, 348, 351, 354, 355, 365, 368, 369, 370, 371, 372, 373, 374, 379, 380, 382], "summary": {"covered_lines": 150, "num_statements": 159, "percent_covered": 94.33962264150944, "percent_covered_display": "94", "missing_lines": 9, "excluded_lines": 0}, "missing_lines": [59, 60, 86, 136, 154, 298, 307, 375, 376], "excluded_lines": []}, "": {"executed_lines": [1, 2, 3, 4, 5, 6, 7, 9, 10, 11, 13, 14, 15, 16, 17, 18, 19, 20, 21, 22, 23, 24, 25, 27, 28, 36, 51, 62, 73, 99, 125, 133, 204, 230, 241, 245, 249, 252, 263, 292, 301, 310, 385], "summary": {"covered_lines": 43, "num_statements": 43, "percent_covered": 100.0, "percent_covered_display": "100", "missing_lines": 0, "excluded_lines": 0}, "missing_lines": [], "excluded_lines": []}}}, "app/api/services/startup_service.py": {"executed_lines": [1, 3, 4, 5, 6, 7, 9, 11, 14, 16, 18, 19, 20, 21, 24, 32, 34, 36], "summary": {"covered_lines": 18, "num_statements": 18, "percent_covered": 100.0, "percent_covered_display": "100", "missing_lines": 0, "excluded_lines": 0}, "missing_lines": [], "excluded_lines": [], "functions": {"restore_matching_engine_from_database": {"executed_lines": [11, 14, 16, 18, 19, 20, 21, 24, 32, 34, 36], "summary": {"covered_lines": 11, "num_statements": 11, "percent_covered": 100.0, "percent_covered_display": "100", "missing_lines": 0, "excluded_lines": 0}, "missing_lines": [], "excluded_lines": []}, "": {"executed_lines": [1, 3, 4, 5, 6, 7, 9], "summary": {"covered_lines": 7, "num_statements": 7, "percent_covered": 100.0, "percent_covered_display": "100", "missing_lines": 0, "excluded_lines": 0}, "missing_lines": [], "excluded_lines": []}}, "classes": {"": {"executed_lines": [1, 3, 4, 5, 6, 7, 9, 11, 14, 16, 18, 19, 20, 21, 24, 32, 34, 36], "summary": {"covered_lines": 18, "num_statements": 18, "percent_covered": 100.0, "percent_covered_display": "100", "missing_lines": 0, "excluded_lines": 0}, "missing_lines": [], "excluded_lines": []}}}, "app/api/services/ws_service.py": {"executed_lines": [1, 2, 3, 4, 5, 6, 9, 10, 12, 14, 16, 18, 19, 21, 22, 24, 26, 27, 28, 31, 32, 34, 35, 38, 40, 41, 42, 43, 44, 45, 46, 49, 50, 52, 54, 57, 58, 60, 61, 62, 63, 64, 65, 69, 71, 72, 73, 74, 75, 77, 78, 80, 82, 87, 89, 91, 99, 101, 103, 104, 105, 106, 107, 108, 109, 112], "summary": {"covered_lines": 66, "num_statements": 67, "percent_covered": 98.50746268656717, "percent_covered_display": "99", "missing_lines": 1, "excluded_lines": 0}, "missing_lines": [55], "excluded_lines": [], "functions": {"WebSocketManager.__init__": {"executed_lines": [12, 14], "summary": {"covered_lines": 2, "num_statements": 2, "percent_covered": 100.0, "percent_covered_display": "100", "missing_lines": 0, "excluded_lines": 0}, "missing_lines": [], "excluded_lines": []}, "WebSocketManager.connect": {"executed_lines": [18, 19, 21, 22], "summary": {"covered_lines": 4, "num_statements": 4, "percent_covered": 100.0, "percent_covered_display": "100", "missing_lines": 0, "excluded_lines": 0}, "missing_lines": [], "excluded_lines": []}, "WebSocketManager.disconnect": {"executed_lines": [26, 27, 28, 31, 32, 34, 35], "summary": {"covered_lines": 7, "num_statements": 7, "percent_covered": 100.0, "percent_covered_display": "100", "missing_lines": 0, "excluded_lines": 0}, "missing_lines": [], "excluded_lines": []}, "WebSocketManager.send_personal_message": {"executed_lines": [40, 41, 42, 43, 44, 45, 46, 49, 50], "summary": {"covered_lines": 9, "num_statements": 9, "percent_covered": 100.0, "percent_covered_display": "100", "missing_lines": 0, "excluded_lines": 0}, "missing_lines": [], "excluded_lines": []}, "WebSocketManager.broadcast_message": {"executed_lines": [54, 57, 58, 60, 61, 62, 63, 64, 65, 69, 71, 72, 73, 74, 75, 77, 78], "summary": {"covered_lines": 17, "num_statements": 18, "percent_covered": 94.44444444444444, "percent_covered_display": "94", "missing_lines": 1, "excluded_lines": 0}, "missing_lines": [55], "excluded_lines": []}, "WebSocketManager.send_order_status_update": {"executed_lines": [82, 87], "summary": {"covered_lines": 2, "num_statements": 2, "percent_covered": 100.0, "percent_covered_display": "100", "missing_lines": 0, "excluded_lines": 0}, "missing_lines": [], "excluded_lines": []}, "WebSocketManager.broadcast_price_change": {"executed_lines": [91, 99], "summary": {"covered_lines": 2, "num_statements": 2, "percent_covered": 100.0, "percent_covered_display": "100", "missing_lines": 0, "excluded_lines": 0}, "missing_lines": [], "excluded_lines": []}, "WebSocketManager._json_serializer": {"executed_lines": [103, 104, 105, 106, 107, 108, 109], "summary": {"covered_lines": 7, "num_statements": 7, "percent_covered": 100.0, "percent_covered_display": "100", "missing_lines": 0, "excluded_lines": 0}, "missing_lines": [], "excluded_lines": []}, "": {"executed_lines": [1, 2, 3, 4, 5, 6, 9, 10, 16, 24, 38, 52, 80, 89, 101, 112], "summary": {"covered_lines": 16, "num_statements": 16, "percent_covered": 100.0, "percent_covered_display": "100", "missing_lines": 0, "excluded_lines": 0}, "missing_lines": [], "excluded_lines": []}}, "classes": {"WebSocketManager": {"executed_lines": [12, 14, 18, 19, 21, 22, 26, 27, 28, 31, 32, 34, 35, 40, 41, 42, 43, 44, 45, 46, 49, 50, 54, 57, 58, 60, 61, 62, 63, 64, 65, 69, 71, 72, 73, 74, 75, 77, 78, 82, 87, 91, 99, 103, 104, 105, 106, 107, 108, 109], "summary": {"covered_lines": 50, "num_statements": 51, "percent_covered": 98.03921568627452, "percent_covered_display": "98", "missing_lines": 1, "excluded_lines": 0}, "missing_lines": [55], "excluded_lines": []}, "": {"executed_lines": [1, 2, 3, 4, 5, 6, 9, 10, 16, 24, 38, 52, 80, 89, 101, 112], "summary": {"covered_lines": 16, "num_statements": 16, "percent_covered": 100.0, "percent_covered_display": "100", "missing_lines": 0, "excluded_lines": 0}, "missing_lines": [], "excluded_lines": []}}}, "app/config.py": {"executed_lines": [1, 2, 3, 5, 7, 10, 11, 12, 14], "summary": {"covered_lines": 9, "num_statements": 9, "percent_covered": 100.0, "percent_covered_display": "100", "missing_lines": 0, "excluded_lines": 0}, "missing_lines": [], "excluded_lines": [], "functions": {"": {"executed_lines": [1, 2, 3, 5, 7, 10, 11, 12, 14], "summary": {"covered_lines": 9, "num_statements": 9, "percent_covered": 100.0, "percent_covered_display": "100", "missing_lines": 0, "excluded_lines": 0}, "missing_lines": [], "excluded_lines": []}}, "classes": {"Config": {"executed_lines": [], "summary": {"covered_lines": 0, "num_statements": 0, "percent_covered": 100.0, "percent_covered_display": "100", "missing_lines": 0, "excluded_lines": 0}, "missing_lines": [], "excluded_lines": []}, "": {"executed_lines": [1, 2, 3, 5, 7, 10, 11, 12, 14], "summary": {"covered_lines": 9, "num_statements": 9, "percent_covered": 100.0, "percent_covered_display": "100", "missing_lines": 0, "excluded_lines": 0}, "missing_lines": [], "excluded_lines": []}}}, "app/core/__init__.py": {"executed_lines": [0], "summary": {"covered_lines": 0, "num_statements": 0, "percent_covered": 100.0, "percent_covered_display": "100", "missing_lines": 0, "excluded_lines": 0}, "missing_lines": [], "excluded_lines": [], "functions": {"": {"executed_lines": [], "summary": {"covered_lines": 0, "num_statements": 0, "percent_covered": 100.0, "percent_covered_display": "100", "missing_lines": 0, "excluded_lines": 0}, "missing_lines": [], "excluded_lines": []}}, "classes": {"": {"executed_lines": [], "summary": {"covered_lines": 0, "num_statements": 0, "percent_covered": 100.0, "percent_covered_display": "100", "missing_lines": 0, "excluded_lines": 0}, "missing_lines": [], "excluded_lines": []}}}, "app/core/auth_dependencies.py": {"executed_lines": [1, 2, 3, 4, 6, 7, 9, 11, 17, 18, 19, 20, 21, 25, 27, 28, 29, 30, 34, 35, 36, 41, 47, 48, 52], "summary": {"covered_lines": 25, "num_statements": 25, "percent_covered": 100.0, "percent_covered_display": "100", "missing_lines": 0, "excluded_lines": 0}, "missing_lines": [], "excluded_lines": [], "functions": {"get_current_user": {"executed_lines": [17, 18, 19, 20, 21, 25, 27, 28, 29, 30, 34, 35, 36], "summary": {"covered_lines": 13, "num_statements": 13, "percent_covered": 100.0, "percent_covered_display": "100", "missing_lines": 0, "excluded_lines": 0}, "missing_lines": [], "excluded_lines": []}, "get_current_admin_user": {"executed_lines": [47, 48, 52], "summary": {"covered_lines": 3, "num_statements": 3, "percent_covered": 100.0, "percent_covered_display": "100", "missing_lines": 0, "excluded_lines": 0}, "missing_lines": [], "excluded_lines": []}, "": {"executed_lines": [1, 2, 3, 4, 6, 7, 9, 11, 41], "summary": {"covered_lines": 9, "num_statements": 9, "percent_covered": 100.0, "percent_covered_display": "100", "missing_lines": 0, "excluded_lines": 0}, "missing_lines": [], "excluded_lines": []}}, "classes": {"": {"executed_lines": [1, 2, 3, 4, 6, 7, 9, 11, 17, 18, 19, 20, 21, 25, 27, 28, 29, 30, 34, 35, 36, 41, 47, 48, 52], "summary": {"covered_lines": 25, "num_statements": 25, "percent_covered": 100.0, "percent_covered_display": "100", "missing_lines": 0, "excluded_lines": 0}, "missing_lines": [], "excluded_lines": []}}}, "app/database/__init__.py": {"executed_lines": [1, 2, 3, 5, 7, 10, 11, 12, 14, 15, 16, 17, 19], "summary": {"covered_lines": 13, "num_statements": 14, "percent_covered": 92.85714285714286, "percent_covered_display": "93", "missing_lines": 1, "excluded_lines": 0}, "missing_lines": [8], "excluded_lines": [], "functions": {"get_db_session": {"executed_lines": [15, 16, 17, 19], "summary": {"covered_lines": 4, "num_statements": 4, "percent_covered": 100.0, "percent_covered_display": "100", "missing_lines": 0, "excluded_lines": 0}, "missing_lines": [], "excluded_lines": []}, "": {"executed_lines": [1, 2, 3, 5, 7, 10, 11, 12, 14], "summary": {"covered_lines": 9, "num_statements": 10, "percent_covered": 90.0, "percent_covered_display": "90", "missing_lines": 1, "excluded_lines": 0}, "missing_lines": [8], "excluded_lines": []}}, "classes": {"": {"executed_lines": [1, 2, 3, 5, 7, 10, 11, 12, 14, 15, 16, 17, 19], "summary": {"covered_lines": 13, "num_statements": 14, "percent_covered": 92.85714285714286, "percent_covered_display": "93", "missing_lines": 1, "excluded_lines": 0}, "missing_lines": [8], "excluded_lines": []}}}, "app/database/enums/__init__.py": {"executed_lines": [0], "summary": {"covered_lines": 0, "num_statements": 0, "percent_covered": 100.0, "percent_covered_display": "100", "missing_lines": 0, "excluded_lines": 0}, "missing_lines": [], "excluded_lines": [], "functions": {"": {"executed_lines": [], "summary": {"covered_lines": 0, "num_statements": 0, "percent_covered": 100.0, "percent_covered_display": "100", "missing_lines": 0, "excluded_lines": 0}, "missing_lines": [], "excluded_lines": []}}, "classes": {"": {"executed_lines": [], "summary": {"covered_lines": 0, "num_statements": 0, "percent_covered": 100.0, "percent_covered_display": "100", "missing_lines": 0, "excluded_lines": 0}, "missing_lines": [], "excluded_lines": []}}}, "app/database/enums/oder_enums.py": {"executed_lines": [1, 3, 4, 5, 7, 8, 9, 11, 12, 13, 14, 15], "summary": {"covered_lines": 12, "num_statements": 12, "percent_covered": 100.0, "percent_covered_display": "100", "missing_lines": 0, "excluded_lines": 0}, "missing_lines": [], "excluded_lines": [], "functions": {"": {"executed_lines": [1, 3, 4, 5, 7, 8, 9, 11, 12, 13, 14, 15], "summary": {"covered_lines": 12, "num_statements": 12, "percent_covered": 100.0, "percent_covered_display": "100", "missing_lines": 0, "excluded_lines": 0}, "missing_lines": [], "excluded_lines": []}}, "classes": {"Side": {"executed_lines": [], "summary": {"covered_lines": 0, "num_statements": 0, "percent_covered": 100.0, "percent_covered_display": "100", "missing_lines": 0, "excluded_lines": 0}, "missing_lines": [], "excluded_lines": []}, "OrderType": {"executed_lines": [], "summary": {"covered_lines": 0, "num_statements": 0, "percent_covered": 100.0, "percent_covered_display": "100", "missing_lines": 0, "excluded_lines": 0}, "missing_lines": [], "excluded_lines": []}, "OrderStatus": {"executed_lines": [], "summary": {"covered_lines": 0, "num_statements": 0, "percent_covered": 100.0, "percent_covered_display": "100", "missing_lines": 0, "excluded_lines": 0}, "missing_lines": [], "excluded_lines": []}, "": {"executed_lines": [1, 3, 4, 5, 7, 8, 9, 11, 12, 13, 14, 15], "summary": {"covered_lines": 12, "num_statements": 12, "percent_covered": 100.0, "percent_covered_display": "100", "missing_lines": 0, "excluded_lines": 0}, "missing_lines": [], "excluded_lines": []}}}, "app/database/enums/user_enums.py": {"executed_lines": [1, 3, 4, 5], "summary": {"covered_lines": 4, "num_statements": 4, "percent_covered": 100.0, "percent_covered_display": "100", "missing_lines": 0, "excluded_lines": 0}, "missing_lines": [], "excluded_lines": [], "functions": {"": {"executed_lines": [1, 3, 4, 5], "summary": {"covered_lines": 4, "num_statements": 4, "percent_covered": 100.0, "percent_covered_display": "100", "missing_lines": 0, "excluded_lines": 0}, "missing_lines": [], "excluded_lines": []}}, "classes": {"UserTypeEnum": {"executed_lines": [], "summary": {"covered_lines": 0, "num_statements": 0, "percent_covered": 100.0, "percent_covered_display": "100", "missing_lines": 0, "excluded_lines": 0}, "missing_lines": [], "excluded_lines": []}, "": {"executed_lines": [1, 3, 4, 5], "summary": {"covered_lines": 4, "num_statements": 4, "percent_covered": 100.0, "percent_covered_display": "100", "missing_lines": 0, "excluded_lines": 0}, "missing_lines": [], "excluded_lines": []}}}, "app/database/models/__init__.py": {"executed_lines": [1, 2], "summary": {"covered_lines": 2, "num_statements": 2, "percent_covered": 100.0, "percent_covered_display": "100", "missing_lines": 0, "excluded_lines": 0}, "missing_lines": [], "excluded_lines": [], "functions": {"": {"executed_lines": [1, 2], "summary": {"covered_lines": 2, "num_statements": 2, "percent_covered": 100.0, "percent_covered_display": "100", "missing_lines": 0, "excluded_lines": 0}, "missing_lines": [], "excluded_lines": []}}, "classes": {"": {"executed_lines": [1, 2], "summary": {"covered_lines": 2, "num_statements": 2, "percent_covered": 100.0, "percent_covered_display": "100", "missing_lines": 0, "excluded_lines": 0}, "missing_lines": [], "excluded_lines": []}}}, "app/database/models/order_models.py": {"executed_lines": [1, 2, 4, 5, 6, 15, 16, 18, 19, 20, 26, 28, 29, 30, 31, 32, 33, 34, 36, 37, 39], "summary": {"covered_lines": 21, "num_statements": 21, "percent_covered": 100.0, "percent_covered_display": "100", "missing_lines": 0, "excluded_lines": 0}, "missing_lines": [], "excluded_lines": [], "functions": {"": {"executed_lines": [1, 2, 4, 5, 6, 15, 16, 18, 19, 20, 26, 28, 29, 30, 31, 32, 33, 34, 36, 37, 39], "summary": {"covered_lines": 21, "num_statements": 21, "percent_covered": 100.0, "percent_covered_display": "100", "missing_lines": 0, "excluded_lines": 0}, "missing_lines": [], "excluded_lines": []}}, "classes": {"Order": {"executed_lines": [], "summary": {"covered_lines": 0, "num_statements": 0, "percent_covered": 100.0, "percent_covered_display": "100", "missing_lines": 0, "excluded_lines": 0}, "missing_lines": [], "excluded_lines": []}, "": {"executed_lines": [1, 2, 4, 5, 6, 15, 16, 18, 19, 20, 26, 28, 29, 30, 31, 32, 33, 34, 36, 37, 39], "summary": {"covered_lines": 21, "num_statements": 21, "percent_covered": 100.0, "percent_covered_display": "100", "missing_lines": 0, "excluded_lines": 0}, "missing_lines": [], "excluded_lines": []}}}, "app/database/models/price_models.py": {"executed_lines": [1, 2, 3, 5, 6, 7, 8, 9], "summary": {"covered_lines": 8, "num_statements": 8, "percent_covered": 100.0, "percent_covered_display": "100", "missing_lines": 0, "excluded_lines": 0}, "missing_lines": [], "excluded_lines": [], "functions": {"": {"executed_lines": [1, 2, 3, 5, 6, 7, 8, 9], "summary": {"covered_lines": 8, "num_statements": 8, "percent_covered": 100.0, "percent_covered_display": "100", "missing_lines": 0, "excluded_lines": 0}, "missing_lines": [], "excluded_lines": []}}, "classes": {"PriceHistoryModel": {"executed_lines": [], "summary": {"covered_lines": 0, "num_statements": 0, "percent_covered": 100.0, "percent_covered_display": "100", "missing_lines": 0, "excluded_lines": 0}, "missing_lines": [], "excluded_lines": []}, "": {"executed_lines": [1, 2, 3, 5, 6, 7, 8, 9], "summary": {"covered_lines": 8, "num_statements": 8, "percent_covered": 100.0, "percent_covered_display": "100", "missing_lines": 0, "excluded_lines": 0}, "missing_lines": [], "excluded_lines": []}}}, "app/database/models/trade_models.py": {"executed_lines": [1, 2, 4, 5, 13, 15, 16, 18, 19, 20, 21, 22, 23, 24, 25, 26, 28, 29], "summary": {"covered_lines": 18, "num_statements": 18, "percent_covered": 100.0, "percent_covered_display": "100", "missing_lines": 0, "excluded_lines": 0}, "missing_lines": [], "excluded_lines": [], "functions": {"": {"executed_lines": [1, 2, 4, 5, 13, 15, 16, 18, 19, 20, 21, 22, 23, 24, 25, 26, 28, 29], "summary": {"covered_lines": 18, "num_statements": 18, "percent_covered": 100.0, "percent_covered_display": "100", "missing_lines": 0, "excluded_lines": 0}, "missing_lines": [], "excluded_lines": []}}, "classes": {"Trade": {"executed_lines": [], "summary": {"covered_lines": 0, "num_statements": 0, "percent_covered": 100.0, "percent_covered_display": "100", "missing_lines": 0, "excluded_lines": 0}, "missing_lines": [], "excluded_lines": []}, "": {"executed_lines": [1, 2, 4, 5, 13, 15, 16, 18, 19, 20, 21, 22, 23, 24, 25, 26, 28, 29], "summary": {"covered_lines": 18, "num_statements": 18, "percent_covered": 100.0, "percent_covered_display": "100", "missing_lines": 0, "excluded_lines": 0}, "missing_lines": [], "excluded_lines": []}}}, "app/database/models/user_models.py": {"executed_lines": [1, 3, 4, 5, 11, 12, 14, 15, 17, 23, 24, 26, 30, 31, 32, 33], "summary": {"covered_lines": 16, "num_statements": 16, "percent_covered": 100.0, "percent_covered_display": "100", "missing_lines": 0, "excluded_lines": 0}, "missing_lines": [], "excluded_lines": [], "functions": {"": {"executed_lines": [1, 3, 4, 5, 11, 12, 14, 15, 17, 23, 24, 26, 30, 31, 32, 33], "summary": {"covered_lines": 16, "num_statements": 16, "percent_covered": 100.0, "percent_covered_display": "100", "missing_lines": 0, "excluded_lines": 0}, "missing_lines": [], "excluded_lines": []}}, "classes": {"UserModel": {"executed_lines": [], "summary": {"covered_lines": 0, "num_statements": 0, "percent_covered": 100.0, "percent_covered_display": "100", "missing_lines": 0, "excluded_lines": 0}, "missing_lines": [], "excluded_lines": []}, "": {"executed_lines": [1, 3, 4, 5, 11, 12, 14, 15, 17, 23, 24, 26, 30, 31, 32, 33], "summary": {"covered_lines": 16, "num_statements": 16, "percent_covered": 100.0, "percent_covered_display": "100", "missing_lines": 0, "excluded_lines": 0}, "missing_lines": [], "excluded_lines": []}}}, "app/schemas/__init__.py": {"executed_lines": [0], "summary": {"covered_lines": 0, "num_statements": 0, "percent_covered": 100.0, "percent_covered_display": "100", "missing_lines": 0, "excluded_lines": 0}, "missing_lines": [], "excluded_lines": [], "functions": {"": {"executed_lines": [], "summary": {"covered_lines": 0, "num_statements": 0, "percent_covered": 100.0, "percent_covered_display": "100", "missing_lines": 0, "excluded_lines": 0}, "missing_lines": [], "excluded_lines": []}}, "classes": {"": {"executed_lines": [], "summary": {"covered_lines": 0, "num_statements": 0, "percent_covered": 100.0, "percent_covered_display": "100", "missing_lines": 0, "excluded_lines": 0}, "missing_lines": [], "excluded_lines": []}}}, "app/schemas/auth_schemas.py": {"executed_lines": [1, 3, 4, 6, 9, 10, 25, 26, 27, 28, 29, 31, 32, 33, 34, 35, 38, 39, 40, 42, 43, 44], "summary": {"covered_lines": 22, "num_statements": 27, "percent_covered": 81.48148148148148, "percent_covered_display": "81", "missing_lines": 5, "excluded_lines": 0}, "missing_lines": [18, 19, 20, 21, 22], "excluded_lines": [], "functions": {"OAuth2EmailRequestForm.__init__": {"executed_lines": [], "summary": {"covered_lines": 0, "num_statements": 5, "percent_covered": 0.0, "percent_covered_display": "0", "missing_lines": 5, "excluded_lines": 0}, "missing_lines": [18, 19, 20, 21, 22], "excluded_lines": []}, "": {"executed_lines": [1, 3, 4, 6, 9, 10, 25, 26, 27, 28, 29, 31, 32, 33, 34, 35, 38, 39, 40, 42, 43, 44], "summary": {"covered_lines": 22, "num_statements": 22, "percent_covered": 100.0, "percent_covered_display": "100", "missing_lines": 0, "excluded_lines": 0}, "missing_lines": [], "excluded_lines": []}}, "classes": {"OAuth2EmailRequestForm": {"executed_lines": [], "summary": {"covered_lines": 0, "num_statements": 5, "percent_covered": 0.0, "percent_covered_display": "0", "missing_lines": 5, "excluded_lines": 0}, "missing_lines": [18, 19, 20, 21, 22], "excluded_lines": []}, "UserSignupRequestSchema": {"executed_lines": [], "summary": {"covered_lines": 0, "num_statements": 0, "percent_covered": 100.0, "percent_covered_display": "100", "missing_lines": 0, "excluded_lines": 0}, "missing_lines": [], "excluded_lines": []}, "UserSignupResponseSchema": {"executed_lines": [], "summary": {"covered_lines": 0, "num_statements": 0, "percent_covered": 100.0, "percent_covered_display": "100", "missing_lines": 0, "excluded_lines": 0}, "missing_lines": [], "excluded_lines": []}, "UserLoginRequestSchema": {"executed_lines": [], "summary": {"covered_lines": 0, "num_statements": 0, "percent_covered": 100.0, "percent_covered_display": "100", "missing_lines": 0, "excluded_lines": 0}, "missing_lines": [], "excluded_lines": []}, "UserLoginResponseSchema": {"executed_lines": [], "summary": {"covered_lines": 0, "num_statements": 0, "percent_covered": 100.0, "percent_covered_display": "100", "missing_lines": 0, "excluded_lines": 0}, "missing_lines": [], "excluded_lines": []}, "": {"executed_lines": [1, 3, 4, 6, 9, 10, 25, 26, 27, 28, 29, 31, 32, 33, 34, 35, 38, 39, 40, 42, 43, 44], "summary": {"covered_lines": 22, "num_statements": 22, "percent_covered": 100.0, "percent_covered_display": "100", "missing_lines": 0, "excluded_lines": 0}, "missing_lines": [], "excluded_lines": []}}}, "app/schemas/order_schemas.py": {"executed_lines": [1, 2, 3, 5, 7, 9, 10, 11, 12, 13, 15, 16, 17, 18, 20, 22, 24, 25, 26, 27, 28, 29, 30, 31, 32, 33, 35, 36, 38, 39, 40, 42, 43, 44, 45], "summary": {"covered_lines": 35, "num_statements": 37, "percent_covered": 94.5945945945946, "percent_covered_display": "95", "missing_lines": 2, "excluded_lines": 0}, "missing_lines": [19, 21], "excluded_lines": [], "functions": {"PlaceOrderRequest.validate_price": {"executed_lines": [17, 18, 20, 22], "summary": {"covered_lines": 4, "num_statements": 6, "percent_covered": 66.66666666666667, "percent_covered_display": "67", "missing_lines": 2, "excluded_lines": 0}, "missing_lines": [19, 21], "excluded_lines": []}, "": {"executed_lines": [1, 2, 3, 5, 7, 9, 10, 11, 12, 13, 15, 16, 24, 25, 26, 27, 28, 29, 30, 31, 32, 33, 35, 36, 38, 39, 40, 42, 43, 44, 45], "summary": {"covered_lines": 31, "num_statements": 31, "percent_covered": 100.0, "percent_covered_display": "100", "missing_lines": 0, "excluded_lines": 0}, "missing_lines": [], "excluded_lines": []}}, "classes": {"PlaceOrderRequest": {"executed_lines": [17, 18, 20, 22], "summary": {"covered_lines": 4, "num_statements": 6, "percent_covered": 66.66666666666667, "percent_covered_display": "67", "missing_lines": 2, "excluded_lines": 0}, "missing_lines": [19, 21], "excluded_lines": []}, "OrderResponse": {"executed_lines": [], "summary": {"covered_lines": 0, "num_statements": 0, "percent_covered": 100.0, "percent_covered_display": "100", "missing_lines": 0, "excluded_lines": 0}, "missing_lines": [], "excluded_lines": []}, "OrderResponse.Config": {"executed_lines": [], "summary": {"covered_lines": 0, "num_statements": 0, "percent_covered": 100.0, "percent_covered_display": "100", "missing_lines": 0, "excluded_lines": 0}, "missing_lines": [], "excluded_lines": []}, "BookLevel": {"executed_lines": [], "summary": {"covered_lines": 0, "num_statements": 0, "percent_covered": 100.0, "percent_covered_display": "100", "missing_lines": 0, "excluded_lines": 0}, "missing_lines": [], "excluded_lines": []}, "BookSnapshotResponse": {"executed_lines": [], "summary": {"covered_lines": 0, "num_statements": 0, "percent_covered": 100.0, "percent_covered_display": "100", "missing_lines": 0, "excluded_lines": 0}, "missing_lines": [], "excluded_lines": []}, "": {"executed_lines": [1, 2, 3, 5, 7, 9, 10, 11, 12, 13, 15, 16, 24, 25, 26, 27, 28, 29, 30, 31, 32, 33, 35, 36, 38, 39, 40, 42, 43, 44, 45], "summary": {"covered_lines": 31, "num_statements": 31, "percent_covered": 100.0, "percent_covered_display": "100", "missing_lines": 0, "excluded_lines": 0}, "missing_lines": [], "excluded_lines": []}}}, "app/schemas/price_schemas.py": {"executed_lines": [1, 2, 4, 5, 6, 8, 9, 11, 12, 14, 15], "summary": {"covered_lines": 11, "num_statements": 11, "percent_covered": 100.0, "percent_covered_display": "100", "missing_lines": 0, "excluded_lines": 0}, "missing_lines": [], "excluded_lines": [], "functions": {"": {"executed_lines": [1, 2, 4, 5, 6, 8, 9, 11, 12, 14, 15], "summary": {"covered_lines": 11, "num_statements": 11, "percent_covered": 100.0, "percent_covered_display": "100", "missing_lines": 0, "excluded_lines": 0}, "missing_lines": [], "excluded_lines": []}}, "classes": {"PriceHistory": {"executed_lines": [], "summary": {"covered_lines": 0, "num_statements": 0, "percent_covered": 100.0, "percent_covered_display": "100", "missing_lines": 0, "excluded_lines": 0}, "missing_lines": [], "excluded_lines": []}, "PriceHistory.Config": {"executed_lines": [], "summary": {"covered_lines": 0, "num_statements": 0, "percent_covered": 100.0, "percent_covered_display": "100", "missing_lines": 0, "excluded_lines": 0}, "missing_lines": [], "excluded_lines": []}, "PriceHistoryResponse": {"executed_lines": [], "summary": {"covered_lines": 0, "num_statements": 0, "percent_covered": 100.0, "percent_covered_display": "100", "missing_lines": 0, "excluded_lines": 0}, "missing_lines": [], "excluded_lines": []}, "PriceHistoryResponse.Config": {"executed_lines": [], "summary": {"covered_lines": 0, "num_statements": 0, "percent_covered": 100.0, "percent_covered_display": "100", "missing_lines": 0, "excluded_lines": 0}, "missing_lines": [], "excluded_lines": []}, "": {"executed_lines": [1, 2, 4, 5, 6, 8, 9, 11, 12, 14, 15], "summary": {"covered_lines": 11, "num_statements": 11, "percent_covered": 100.0, "percent_covered_display": "100", "missing_lines": 0, "excluded_lines": 0}, "missing_lines": [], "excluded_lines": []}}}, "app/schemas/trade_scehmas.py": {"executed_lines": [1, 2, 3, 5, 6, 7, 8, 9, 10, 11, 12, 13, 14, 16, 17], "summary": {"covered_lines": 15, "num_statements": 15, "percent_covered": 100.0, "percent_covered_display": "100", "missing_lines": 0, "excluded_lines": 0}, "missing_lines": [], "excluded_lines": [], "functions": {"": {"executed_lines": [1, 2, 3, 5, 6, 7, 8, 9, 10, 11, 12, 13, 14, 16, 17], "summary": {"covered_lines": 15, "num_statements": 15, "percent_covered": 100.0, "percent_covered_display": "100", "missing_lines": 0, "excluded_lines": 0}, "missing_lines": [], "excluded_lines": []}}, "classes": {"TradeResponse": {"executed_lines": [], "summary": {"covered_lines": 0, "num_statements": 0, "percent_covered": 100.0, "percent_covered_display": "100", "missing_lines": 0, "excluded_lines": 0}, "missing_lines": [], "excluded_lines": []}, "TradeResponse.Config": {"executed_lines": [], "summary": {"covered_lines": 0, "num_statements": 0, "percent_covered": 100.0, "percent_covered_display": "100", "missing_lines": 0, "excluded_lines": 0}, "missing_lines": [], "excluded_lines": []}, "": {"executed_lines": [1, 2, 3, 5, 6, 7, 8, 9, 10, 11, 12, 13, 14, 16, 17], "summary": {"covered_lines": 15, "num_statements": 15, "percent_covered": 100.0, "percent_covered_display": "100", "missing_lines": 0, "excluded_lines": 0}, "missing_lines": [], "excluded_lines": []}}}, "app/schemas/ws_schemas.py": {"executed_lines": [1, 2, 3, 5, 6, 7, 8, 10, 11, 12, 13, 15, 16, 17, 18, 20, 21, 22, 24, 25, 26, 27], "summary": {"covered_lines": 22, "num_statements": 22, "percent_covered": 100.0, "percent_covered_display": "100", "missing_lines": 0, "excluded_lines": 0}, "missing_lines": [], "excluded_lines": [], "functions": {"": {"executed_lines": [1, 2, 3, 5, 6, 7, 8, 10, 11, 12, 13, 15, 16, 17, 18, 20, 21, 22, 24, 25, 26, 27], "summary": {"covered_lines": 22, "num_statements": 22, "percent_covered": 100.0, "percent_covered_display": "100", "missing_lines": 0, "excluded_lines": 0}, "missing_lines": [], "excluded_lines": []}}, "classes": {"WSTradeExecutionSchema": {"executed_lines": [], "summary": {"covered_lines": 0, "num_statements": 0, "percent_covered": 100.0, "percent_covered_display": "100", "missing_lines": 0, "excluded_lines": 0}, "missing_lines": [], "excluded_lines": []}, "WSOrderBookUpdateSchema": {"executed_lines": [], "summary": {"covered_lines": 0, "num_statements": 0, "percent_covered": 100.0, "percent_covered_display": "100", "missing_lines": 0, "excluded_lines": 0}, "missing_lines": [], "excluded_lines": []}, "WSOrderStatusSchema": {"executed_lines": [], "summary": {"covered_lines": 0, "num_statements": 0, "percent_covered": 100.0, "percent_covered_display": "100", "missing_lines": 0, "excluded_lines": 0}, "missing_lines": [], "excluded_lines": []}, "WSErrorSchema": {"executed_lines": [], "summary": {"covered_lines": 0, "num_statements": 0, "percent_covered": 100.0, "percent_covered_display": "100", "missing_lines": 0, "excluded_lines": 0}, "missing_lines": [], "excluded_lines": []}, "WSConnectionSchema": {"executed_lines": [], "summary": {"covered_lines": 0, "num_statements": 0, "percent_covered": 100.0, "percent_covered_display": "100", "missing_lines": 0, "excluded_lines": 0}, "missing_lines": [], "excluded_lines": []}, "": {"executed_lines": [1, 2, 3, 5, 6, 7, 8, 10, 11, 12, 13, 15, 16, 17, 18, 20, 21, 22, 24, 25, 26, 27], "summary": {"covered_lines": 22, "num_statements": 22, "percent_covered": 100.0, "percent_covered_display": "100", "missing_lines": 0, "excluded_lines": 0}, "missing_lines": [], "excluded_lines": []}}}, "app/server.py": {"executed_lines": [1, 2, 4, 5, 6, 7, 8, 11, 14, 21, 29, 30, 35, 41, 47, 53], "summary": {"covered_lines": 16, "num_statements": 18, "percent_covered": 88.88888888888889, "percent_covered_display": "89", "missing_lines": 2, "excluded_lines": 0}, "missing_lines": [12, 31], "excluded_lines": [], "functions": {"set_engine": {"executed_lines": [], "summary": {"covered_lines": 0, "num_statements": 1, "percent_covered": 0.0, "percent_covered_display": "0", "missing_lines": 1, "excluded_lines": 0}, "missing_lines": [12], "excluded_lines": []}, "health_check": {"executed_lines": [], "summary": {"covered_lines": 0, "num_statements": 1, "percent_covered": 0.0, "percent_covered_display": "0", "missing_lines": 1, "excluded_lines": 0}, "missing_lines": [31], "excluded_lines": []}, "": {"executed_lines": [1, 2, 4, 5, 6, 7, 8, 11, 14, 21, 29, 30, 35, 41, 47, 53], "summary": {"covered_lines": 16, "num_statements": 16, "percent_covered": 100.0, "percent_covered_display": "100", "missing_lines": 0, "excluded_lines": 0}, "missing_lines": [], "excluded_lines": []}}, "classes": {"": {"executed_lines": [1, 2, 4, 5, 6, 7, 8, 11, 14, 21, 29, 30, 35, 41, 47, 53], "summary": {"covered_lines": 16, "num_statements": 18, "percent_covered": 88.88888888888889, "percent_covered_display": "89", "missing_lines": 2, "excluded_lines": 0}, "missing_lines": [12, 31], "excluded_lines": []}}}, "app/util/__init__.py": {"executed_lines": [0], "summary": {"covered_lines": 0, "num_statements": 0, "percent_covered": 100.0, "percent_covered_display": "100", "missing_lines": 0, "excluded_lines": 0}, "missing_lines": [], "excluded_lines": [], "functions": {"": {"executed_lines": [], "summary": {"covered_lines": 0, "num_statements": 0, "percent_covered": 100.0, "percent_covered_display": "100", "missing_lines": 0, "excluded_lines": 0}, "missing_lines": [], "excluded_lines": []}}, "classes": {"": {"executed_lines": [], "summary": {"covered_lines": 0, "num_statements": 0, "percent_covered": 100.0, "percent_covered_display": "100", "missing_lines": 0, "excluded_lines": 0}, "missing_lines": [], "excluded_lines": []}}}, "app/util/auth_util.py": {"executed_lines": [1, 3, 4, 6, 7, 9, 12, 13, 16, 17, 19, 21, 22, 23, 24, 25, 26, 27, 29, 31, 33, 39, 45, 46, 48], "summary": {"covered_lines": 25, "num_statements": 25, "percent_covered": 100.0, "percent_covered_display": "100", "missing_lines": 0, "excluded_lines": 0}, "missing_lines": [], "excluded_lines": [], "functions": {"hash_password": {"executed_lines": [13], "summary": {"covered_lines": 1, "num_statements": 1, "percent_covered": 100.0, "percent_covered_display": "100", "missing_lines": 0, "excluded_lines": 0}, "missing_lines": [], "excluded_lines": []}, "verify_password": {"executed_lines": [17], "summary": {"covered_lines": 1, "num_statements": 1, "percent_covered": 100.0, "percent_covered_display": "100", "missing_lines": 0, "excluded_lines": 0}, "missing_lines": [], "excluded_lines": []}, "decode_access_token": {"executed_lines": [21, 22, 23, 24, 25, 26, 27], "summary": {"covered_lines": 7, "num_statements": 7, "percent_covered": 100.0, "percent_covered_display": "100", "missing_lines": 0, "excluded_lines": 0}, "missing_lines": [], "excluded_lines": []}, "create_auth_token": {"executed_lines": [31, 33, 39, 45, 46, 48], "summary": {"covered_lines": 6, "num_statements": 6, "percent_covered": 100.0, "percent_covered_display": "100", "missing_lines": 0, "excluded_lines": 0}, "missing_lines": [], "excluded_lines": []}, "": {"executed_lines": [1, 3, 4, 6, 7, 9, 12, 16, 19, 29], "summary": {"covered_lines": 10, "num_statements": 10, "percent_covered": 100.0, "percent_covered_display": "100", "missing_lines": 0, "excluded_lines": 0}, "missing_lines": [], "excluded_lines": []}}, "classes": {"": {"executed_lines": [1, 3, 4, 6, 7, 9, 12, 13, 16, 17, 19, 21, 22, 23, 24, 25, 26, 27, 29, 31, 33, 39, 45, 46, 48], "summary": {"covered_lines": 25, "num_statements": 25, "percent_covered": 100.0, "percent_covered_display": "100", "missing_lines": 0, "excluded_lines": 0}, "missing_lines": [], "excluded_lines": []}}}}, "totals": {"covered_lines": 797, "num_statements": 870, "percent_covered": 91.60919540229885, "percent_covered_display": "92", "missing_lines": 73, "excluded_lines": 0}}